<?xml version="1.0" encoding="UTF-8"?>
<testsuite xmlns:xsi="http://www.w3.org/2001/XMLSchema-instance" xsi:noNamespaceSchemaLocation="https://maven.apache.org/surefire/maven-surefire-plugin/xsd/surefire-test-report-3.0.xsd" version="3.0" name="com.dogrescue.controller.DogControllerTest" time="0.304" tests="7" errors="0" skipped="0" failures="0">
  <properties>
[...]
</properties>
  <testcase name="testGetByIdNotFound" classname="com.dogrescue.controller.DogControllerTest" time="0.014">
    <system-out><![CDATA[2026-06-07T16:58:16.926+08:00  INFO 38688 --- [dog-rescue-backend] [           main] t.c.s.AnnotationConfigContextLoaderUtils : Could not detect default configuration classes for test class [com.dogrescue.controller.DogControllerTest]: DogControllerTest does not declare any static, non-private, non-final, nested classes annotated with @Configuration.
2026-06-07T16:58:16.936+08:00  INFO 38688 --- [dog-rescue-backend] [           main] .b.t.c.SpringBootTestContextBootstrapper : Found @SpringBootConfiguration com.dogrescue.DogRescueApplication for test class com.dogrescue.controller.DogControllerTest

  .   ____          _            __ _ _
 /\\ / ___'_ __ _ _(_)_ __  __ _ \ \ \ \
( ( )\___ | '_ | '_| | '_ \/ _` | \ \ \ \
 \\/  ___)| |_)| | | | | || (_| |  ) ) ) )
  '  |____| .__|_| |_|_| |_\__, | / / / /
 =========|_|==============|___/=/_/_/_/
 :: Spring Boot ::                (v3.2.4)

2026-06-07T16:58:16.961+08:00  INFO 38688 --- [dog-rescue-backend] [           main] c.d.controller.DogControllerTest         : Starting DogControllerTest using Java 25.0.2 with PID 38688 (started by 陈通才 in C:\Users\陈通才\IdeaProjects\dog\src\backend)
2026-06-07T16:58:16.961+08:00  INFO 38688 --- [dog-rescue-backend] [           main] c.d.controller.DogControllerTest         : No active profile set, falling back to 1 default profile: "default"
2026-06-07T16:58:17.109+08:00  WARN 38688 --- [dog-rescue-backend] [           main] .s.s.UserDetailsServiceAutoConfiguration : 

Using generated security password: acebc696-7626-46de-aa37-0bf2151deca9

This generated password is for development use only. Your security configuration must be updated before running your application in production.

2026-06-07T16:58:17.112+08:00  INFO 38688 --- [dog-rescue-backend] [           main] o.s.b.a.w.s.WelcomePageHandlerMapping    : Adding welcome page: class path resource [static/index.html]
2026-06-07T16:58:17.136+08:00  INFO 38688 --- [dog-rescue-backend] [           main] o.s.s.web.DefaultSecurityFilterChain     : Will secure any request with [org.springframework.security.web.session.DisableEncodeUrlFilter@67e21ea2, org.springframework.security.web.context.request.async.WebAsyncManagerIntegrationFilter@2184962c, org.springframework.security.web.context.SecurityContextHolderFilter@634d3439, org.springframework.security.web.header.HeaderWriterFilter@d641499, org.springframework.web.filter.CorsFilter@4d9bccfe, org.springframework.security.web.authentication.logout.LogoutFilter@56820446, org.springframework.security.web.savedrequest.RequestCacheAwareFilter@44e0c3d, org.springframework.security.web.servletapi.SecurityContextHolderAwareRequestFilter@71891d6b, org.springframework.security.web.authentication.AnonymousAuthenticationFilter@412440c1, org.springframework.security.web.access.ExceptionTranslationFilter@3b29d36c, org.springframework.security.web.access.intercept.AuthorizationFilter@1b82f62a]
2026-06-07T16:58:17.159+08:00  INFO 38688 --- [dog-rescue-backend] [           main] o.s.b.t.m.w.SpringBootMockServletContext : Initializing Spring TestDispatcherServlet ''
2026-06-07T16:58:17.159+08:00  INFO 38688 --- [dog-rescue-backend] [           main] o.s.t.web.servlet.TestDispatcherServlet  : Initializing Servlet ''
2026-06-07T16:58:17.159+08:00  INFO 38688 --- [dog-rescue-backend] [           main] o.s.t.web.servlet.TestDispatcherServlet  : Completed initialization in 0 ms
2026-06-07T16:58:17.162+08:00  INFO 38688 --- [dog-rescue-backend] [           main] c.d.controller.DogControllerTest         : Started DogControllerTest in 0.222 seconds (process running for 3.731)
]]></system-out>
  </testcase>
  <testcase name="testUpdateDog" classname="com.dogrescue.controller.DogControllerTest" time="0.009"/>
  <testcase name="testGetById" classname="com.dogrescue.controller.DogControllerTest" time="0.004"/>
  <testcase name="testListDogsWithFilters" classname="com.dogrescue.controller.DogControllerTest" time="0.013"/>
  <testcase name="testDeleteDog" classname="com.dogrescue.controller.DogControllerTest" time="0.006"/>
  <testcase name="testAddDog" classname="com.dogrescue.controller.DogControllerTest" time="0.005"/>
  <testcase name="testListDogs" classname="com.dogrescue.controller.DogControllerTest" time="0.006"/>
</testsuite>